c:\users\lenovo\desktop\итоговая змея\debug\vc142.pdb
c:\users\lenovo\desktop\итоговая змея\debug\vc142.idb
c:\users\lenovo\desktop\итоговая змея\debug\source.obj
c:\users\lenovo\desktop\итоговая змея\debug\snake.obj
c:\users\lenovo\desktop\итоговая змея\debug\level.obj
c:\users\lenovo\desktop\итоговая змея\debug\game.obj
c:\users\lenovo\desktop\итоговая змея\debug\fruit.obj
c:\users\lenovo\desktop\итоговая змея\debug\snake.ilk
c:\users\lenovo\desktop\итоговая змея\debug\snake.exe
c:\users\lenovo\desktop\итоговая змея\debug\snake.pdb
c:\users\lenovo\desktop\проект\debug\fruit.obj
c:\users\lenovo\desktop\проект\debug\game.obj
c:\users\lenovo\desktop\проект\debug\level.obj
c:\users\lenovo\desktop\проект\debug\snake.obj
c:\users\lenovo\desktop\проект\debug\source.obj
c:\users\lenovo\desktop\проект\debug\snake.ilk
c:\users\lenovo\desktop\проект\debug\vc142.idb
c:\users\lenovo\desktop\проект\debug\snake.pdb
c:\users\lenovo\desktop\проект\debug\vc142.pdb
c:\users\lenovo\desktop\проект\debug\snake.exe
c:\users\lenovo\desktop\проект\debug\snake.tlog\cl.command.1.tlog
c:\users\lenovo\desktop\проект\debug\snake.tlog\cl.read.1.tlog
c:\users\lenovo\desktop\проект\debug\snake.tlog\cl.write.1.tlog
c:\users\lenovo\desktop\проект\debug\snake.tlog\link.command.1.tlog
c:\users\lenovo\desktop\проект\debug\snake.tlog\link.read.1.tlog
c:\users\lenovo\desktop\проект\debug\snake.tlog\link.write.1.tlog
